d:\usr\koei\tenshouki95\dllwrap\memoryeditormod\memoryeditormod\release\天気情報型.obj
d:\usr\koei\tenshouki95\dllwrap\memoryeditormod\memoryeditormod\release\役職情報型.obj
d:\usr\koei\tenshouki95\dllwrap\memoryeditormod\memoryeditormod\release\menu.obj
d:\usr\koei\tenshouki95\dllwrap\memoryeditormod\memoryeditormod\release\軍団情報型.obj
d:\usr\koei\tenshouki95\dllwrap\memoryeditormod\memoryeditormod\release\デバッグ情報型.obj
d:\usr\koei\tenshouki95\dllwrap\memoryeditormod\memoryeditormod\release\音楽情報型.obj
d:\usr\koei\tenshouki95\dllwrap\memoryeditormod\memoryeditormod\release\エキスポート関数群.obj
d:\usr\koei\tenshouki95\dllwrap\memoryeditormod\memoryeditormod\release\戦場情報型.obj
d:\usr\koei\tenshouki95\dllwrap\memoryeditormod\memoryeditormod\release\カスタム駆動関数.obj
d:\usr\koei\tenshouki95\dllwrap\memoryeditormod\memoryeditormod\release\城情報型.obj
d:\usr\koei\tenshouki95\dllwrap\memoryeditormod\memoryeditormod\release\２ｄ位置情報型.obj
d:\usr\koei\tenshouki95\dllwrap\memoryeditormod\memoryeditormod\release\メッセージ関連情報型.obj
d:\usr\koei\tenshouki95\dllwrap\memoryeditormod\memoryeditormod\release\年情報型.obj
d:\usr\koei\tenshouki95\dllwrap\memoryeditormod\memoryeditormod\release\大名情報型.obj
d:\usr\koei\tenshouki95\dllwrap\memoryeditormod\memoryeditormod\release\３ｄ位置情報型.obj
d:\usr\koei\tenshouki95\dllwrap\memoryeditormod\memoryeditormod\release\アプリケーション情報型.obj
d:\usr\koei\tenshouki95\dllwrap\memoryeditormod\memoryeditormod\release\情報ポインタ定義.obj
d:\usr\koei\tenshouki95\dllwrap\memoryeditormod\memoryeditormod\release\地域情報型.obj
d:\usr\koei\tenshouki95\dllwrap\memoryeditormod\memoryeditormod\release\相場情報型.obj
d:\usr\koei\tenshouki95\dllwrap\memoryeditormod\memoryeditormod\release\シナリオ情報型.obj
d:\usr\koei\tenshouki95\dllwrap\memoryeditormod\memoryeditormod\release\補助ライブラリ.obj
d:\usr\koei\tenshouki95\dllwrap\memoryeditormod\memoryeditormod\release\processhandle.obj
d:\usr\koei\tenshouki95\dllwrap\memoryeditormod\memoryeditormod\release\家宝情報型.obj
d:\usr\koei\tenshouki95\dllwrap\memoryeditormod\memoryeditormod\release\modmode.obj
d:\usr\koei\tenshouki95\dllwrap\memoryeditormod\memoryeditormod\release\官位情報型.obj
d:\usr\koei\tenshouki95\dllwrap\memoryeditormod\memoryeditormod\release\フラグ情報型.obj
d:\usr\koei\tenshouki95\dllwrap\memoryeditormod\memoryeditormod\release\武将情報型.obj
d:\usr\koei\tenshouki95\dllwrap\memoryeditormod\memoryeditormod\release\デバッグ画像情報型.obj
d:\usr\koei\tenshouki95\dllwrap\memoryeditormod\memoryeditormod\release\ゲームデータ構造.obj
d:\usr\koei\tenshouki95\dllwrap\memoryeditormod\memoryeditormod\release\画面演出情報型.obj
d:\usr\koei\tenshouki95\dllwrap\memoryeditormod\memoryeditormod\release\vc120.pdb
d:\usr\koei\tenshouki95\dllwrap\memoryeditormod\memoryeditormod\release\.netframework,version=v4.0.assemblyattributes.obj
d:\usr\koei\tenshouki95\dllwrap\memoryeditormod\memoryeditormod\release\
d:\usr\koei\tenshouki95\dllwrap\memoryeditormod\memoryeditormod\release\memoryeditormod.dll
d:\usr\koei\tenshouki95\dllwrap\memoryeditormod\memoryeditormod\release\memoryeditormod.memoryeditormod.resources
d:\usr\koei\tenshouki95\dllwrap\memoryeditormod\memoryeditormod\release\memoryeditormod.lib
d:\usr\koei\tenshouki95\dllwrap\memoryeditormod\memoryeditormod\release\memoryeditormod.exp
d:\usr\koei\tenshouki95\dllwrap\memoryeditormod\memoryeditormod\release\memoryeditormod.res
d:\usr\koei\tenshouki95\dllwrap\memoryeditormod\memoryeditormod\release\memoryeditormod.vcxproj.assemblyreference.cache
d:\usr\koei\tenshouki95\dllwrap\memoryeditormod\memoryeditormod\release\memoryeditormod.vcxproj.generateresource.cache
d:\usr\koei\tenshouki95\dllwrap\memoryeditormod\memoryeditormod\release\memoryeditormod.dll.metagen
d:\usr\koei\tenshouki95\dllwrap\memoryeditormod\memoryeditormod\.\release\memoryeditormod.dll
d:\usr\koei\tenshouki95\dllwrap\memoryeditormod\memoryeditormod\release\memoryeditormod.tlog\cl.command.1.tlog
d:\usr\koei\tenshouki95\dllwrap\memoryeditormod\memoryeditormod\release\memoryeditormod.tlog\cl.read.1.tlog
d:\usr\koei\tenshouki95\dllwrap\memoryeditormod\memoryeditormod\release\memoryeditormod.tlog\cl.write.1.tlog
d:\usr\koei\tenshouki95\dllwrap\memoryeditormod\memoryeditormod\release\memoryeditormod.tlog\link.command.1.tlog
d:\usr\koei\tenshouki95\dllwrap\memoryeditormod\memoryeditormod\release\memoryeditormod.tlog\link.read.1.tlog
d:\usr\koei\tenshouki95\dllwrap\memoryeditormod\memoryeditormod\release\memoryeditormod.tlog\link.write.1.tlog
d:\usr\koei\tenshouki95\dllwrap\memoryeditormod\memoryeditormod\release\memoryeditormod.tlog\memoryeditormod.write.1u.tlog
d:\usr\koei\tenshouki95\dllwrap\memoryeditormod\memoryeditormod\release\memoryeditormod.tlog\metagen.read.1.tlog
d:\usr\koei\tenshouki95\dllwrap\memoryeditormod\memoryeditormod\release\memoryeditormod.tlog\metagen.write.1.tlog
d:\usr\koei\tenshouki95\dllwrap\memoryeditormod\memoryeditormod\release\memoryeditormod.tlog\rc.command.1.tlog
d:\usr\koei\tenshouki95\dllwrap\memoryeditormod\memoryeditormod\release\memoryeditormod.tlog\rc.read.1.tlog
d:\usr\koei\tenshouki95\dllwrap\memoryeditormod\memoryeditormod\release\memoryeditormod.tlog\rc.write.1.tlog
